Arguments: 
  /snap/node/3790/bin/node /snap/node/3790/bin/yarn.js config get registry

PATH: 
  /home/utsavk02/.npm/_npx/13961/bin:/usr/local/sbin:/usr/local/bin:/usr/sbin:/usr/bin:/sbin:/bin:/usr/games:/usr/local/games:/snap/bin

Yarn version: 
  1.22.5

Node version: 
  14.16.0

Platform: 
  linux x64

Trace: 
  Error: EACCES: permission denied, write
      at writeSync (fs.js:711:3)
      at SyncWriteStream._write (internal/fs/sync_write_stream.js:24:3)
      at writeOrBuffer (internal/streams/writable.js:358:12)
      at SyncWriteStream.Writable.write (internal/streams/writable.js:303:10)
      at ConsoleReporter._log (/snap/node/3790/lib/cli.js:96770:17)
      at ConsoleReporter.log (/snap/node/3790/lib/cli.js:96758:10)
      at get (/snap/node/3790/lib/cli.js:87536:14)
      at Object.<anonymous> (/snap/node/3790/lib/cli.js:25940:25)
      at Generator.next (<anonymous>)
      at step (/snap/node/3790/lib/cli.js:310:30)

npm manifest: 
  {
    "name": "client",
    "version": "0.1.0",
    "private": true
  }

yarn manifest: 
  No manifest

Lockfile: 
  No lockfile
